<?xml version="1.0" encoding="UTF-8"?>
<testng-results ignored="0" total="1" passed="1" failed="0" skipped="0">
  <reporter-output>
  </reporter-output>
  <suite started-at="2022-05-31T22:28:55 CDT" name="Default suite" finished-at="2022-05-31T22:28:57 CDT" duration-ms="2313">
    <groups>
    </groups>
    <test started-at="2022-05-31T22:28:55 CDT" name="Default test" finished-at="2022-05-31T22:28:57 CDT" duration-ms="2313">
      <class name="files.DynamicJson">
        <test-method signature="addBook()[pri:0, instance:files.DynamicJson@3c73951]" started-at="2022-05-31T22:28:55 CDT" name="addBook" finished-at="2022-05-31T22:28:57 CDT" duration-ms="2282" status="PASS">
          <reporter-output>
          </reporter-output>
        </test-method> <!-- addBook -->
      </class> <!-- files.DynamicJson -->
    </test> <!-- Default test -->
  </suite> <!-- Default suite -->
</testng-results>
