<?xml version="1.0" encoding="UTF-8"?>
<testng-results ignored="0" total="3" passed="3" failed="0" skipped="0">
  <reporter-output>
  </reporter-output>
  <suite started-at="2022-06-01T22:26:10 CDT" name="Default suite" finished-at="2022-06-01T22:26:14 CDT" duration-ms="3838">
    <groups>
    </groups>
    <test started-at="2022-06-01T22:26:10 CDT" name="Default test" finished-at="2022-06-01T22:26:14 CDT" duration-ms="3838">
      <class name="files.DynamicJson">
        <test-method signature="addBook(java.lang.String,java.lang.String)[pri:0, instance:files.DynamicJson@662b4c69]" started-at="2022-06-01T22:26:10 CDT" name="addBook" data-provider="BookData" finished-at="2022-06-01T22:26:13 CDT" duration-ms="2636" status="PASS">
          <params>
            <param index="0">
              <value>
                <![CDATA[adf]]>
              </value>
            </param>
            <param index="1">
              <value>
                <![CDATA[3344]]>
              </value>
            </param>
          </params>
          <reporter-output>
          </reporter-output>
        </test-method> <!-- addBook -->
        <test-method signature="addBook(java.lang.String,java.lang.String)[pri:0, instance:files.DynamicJson@662b4c69]" started-at="2022-06-01T22:26:13 CDT" name="addBook" data-provider="BookData" finished-at="2022-06-01T22:26:13 CDT" duration-ms="567" status="PASS">
          <params>
            <param index="0">
              <value>
                <![CDATA[sedfs]]>
              </value>
            </param>
            <param index="1">
              <value>
                <![CDATA[3234]]>
              </value>
            </param>
          </params>
          <reporter-output>
          </reporter-output>
        </test-method> <!-- addBook -->
        <test-method signature="addBook(java.lang.String,java.lang.String)[pri:0, instance:files.DynamicJson@662b4c69]" started-at="2022-06-01T22:26:13 CDT" name="addBook" data-provider="BookData" finished-at="2022-06-01T22:26:14 CDT" duration-ms="569" status="PASS">
          <params>
            <param index="0">
              <value>
                <![CDATA[serfwe]]>
              </value>
            </param>
            <param index="1">
              <value>
                <![CDATA[343]]>
              </value>
            </param>
          </params>
          <reporter-output>
          </reporter-output>
        </test-method> <!-- addBook -->
      </class> <!-- files.DynamicJson -->
    </test> <!-- Default test -->
  </suite> <!-- Default suite -->
</testng-results>
